# JRE version: Java(TM) SE Runtime Environment (8.0_05-b13) (build 1.8.0_05-b13)
# Java VM: Java HotSpot(TM) 64-Bit Server VM (25.5-b02 mixed mode windows-amd64 compressed oops)
Heap:
 PSYoungGen      total 20992K, used 4926K [0x000000076b400000, 0x000000076d600000, 0x00000007c0000000)
  eden space 18432K, 16% used [0x000000076b400000,0x000000076b707180,0x000000076c600000)
  from space 2560K, 71% used [0x000000076c600000,0x000000076c7c88b0,0x000000076c880000)
  to   space 2560K, 0% used [0x000000076d380000,0x000000076d380000,0x000000076d600000)
 ParOldGen       total 260608K, used 19611K [0x00000006c1c00000, 0x00000006d1a80000, 0x000000076b400000)
  object space 260608K, 7% used [0x00000006c1c00000,0x00000006c2f26fd0,0x00000006d1a80000)
 Metaspace       used 18025K, capacity 18198K, committed 18432K, reserved 1064960K
  class space    used 2498K, capacity 2532K, committed 2560K, reserved 1048576K
GC Heap History (10 events):
Event: 0.662 GC heap before
{Heap before GC invocations=9 (full 0):
 PSYoungGen      total 8704K, used 8288K [0x000000076b400000, 0x000000076be00000, 0x00000007c0000000)
  eden space 7168K, 100% used [0x000000076b400000,0x000000076bb00000,0x000000076bb00000)
  from space 1536K, 72% used [0x000000076bc80000,0x000000076bd98000,0x000000076be00000)
  to   space 1536K, 0% used [0x000000076bb00000,0x000000076bb00000,0x000000076bc80000)
 ParOldGen       total 260608K, used 1453K [0x00000006c1c00000, 0x00000006d1a80000, 0x000000076b400000)
  object space 260608K, 0% used [0x00000006c1c00000,0x00000006c1d6b4a8,0x00000006d1a80000)
 Metaspace       used 8495K, capacity 8614K, committed 8832K, reserved 1056768K
  class space    used 1048K, capacity 1115K, committed 1152K, reserved 1048576K
Event: 0.663 GC heap after
Heap after GC invocations=9 (full 0):
 PSYoungGen      total 8704K, used 1485K [0x000000076b400000, 0x000000076c280000, 0x00000007c0000000)
  eden space 7168K, 0% used [0x000000076b400000,0x000000076b400000,0x000000076bb00000)
  from space 1536K, 96% used [0x000000076bb00000,0x000000076bc73508,0x000000076bc80000)
  to   space 1536K, 0% used [0x000000076c100000,0x000000076c100000,0x000000076c280000)
 ParOldGen       total 260608K, used 1629K [0x00000006c1c00000, 0x00000006d1a80000, 0x000000076b400000)
  object space 260608K, 0% used [0x00000006c1c00000,0x00000006c1d974a8,0x00000006d1a80000)
 Metaspace       used 8495K, capacity 8614K, committed 8832K, reserved 1056768K
  class space    used 1048K, capacity 1115K, committed 1152K, reserved 1048576K
}
Event: 1.176 GC heap before
{Heap before GC invocations=10 (full 0):
 PSYoungGen      total 8704K, used 8653K [0x000000076b400000, 0x000000076c280000, 0x00000007c0000000)
  eden space 7168K, 100% used [0x000000076b400000,0x000000076bb00000,0x000000076bb00000)
  from space 1536K, 96% used [0x000000076bb00000,0x000000076bc73508,0x000000076bc80000)
  to   space 1536K, 0% used [0x000000076c100000,0x000000076c100000,0x000000076c280000)
 ParOldGen       total 260608K, used 1629K [0x00000006c1c00000, 0x00000006d1a80000, 0x000000076b400000)
  object space 260608K, 0% used [0x00000006c1c00000,0x00000006c1d974a8,0x00000006d1a80000)
 Metaspace       used 10023K, capacity 10182K, committed 10240K, reserved 1058816K
  class space    used 1230K, capacity 1275K, committed 1280K, reserved 1048576K
Event: 1.179 GC heap after
Heap after GC invocations=10 (full 0):
 PSYoungGen      total 12800K, used 1525K [0x000000076b400000, 0x000000076c380000, 0x00000007c0000000)
  eden space 11264K, 0% used [0x000000076b400000,0x000000076b400000,0x000000076bf00000)
  from space 1536K, 99% used [0x000000076c100000,0x000000076c27d728,0x000000076c280000)
  to   space 2048K, 0% used [0x000000076bf00000,0x000000076bf00000,0x000000076c100000)
 ParOldGen       total 260608K, used 2321K [0x00000006c1c00000, 0x00000006d1a80000, 0x000000076b400000)
  object space 260608K, 0% used [0x00000006c1c00000,0x00000006c1e444d0,0x00000006d1a80000)
 Metaspace       used 10023K, capacity 10182K, committed 10240K, reserved 1058816K
  class space    used 1230K, capacity 1275K, committed 1280K, reserved 1048576K
}
Event: 2.158 GC heap before
{Heap before GC invocations=11 (full 0):
 PSYoungGen      total 12800K, used 12789K [0x000000076b400000, 0x000000076c380000, 0x00000007c0000000)
  eden space 11264K, 100% used [0x000000076b400000,0x000000076bf00000,0x000000076bf00000)
  from space 1536K, 99% used [0x000000076c100000,0x000000076c27d728,0x000000076c280000)
  to   space 2048K, 0% used [0x000000076bf00000,0x000000076bf00000,0x000000076c100000)
 ParOldGen       total 260608K, used 2321K [0x00000006c1c00000, 0x00000006d1a80000, 0x000000076b400000)
  object space 260608K, 0% used [0x00000006c1c00000,0x00000006c1e444d0,0x00000006d1a80000)
 Metaspace       used 14254K, capacity 14360K, committed 14464K, reserved 1062912K
  class space    used 1875K, capacity 1919K, committed 1920K, reserved 1048576K
Event: 2.161 GC heap after
Heap after GC invocations=11 (full 0):
 PSYoungGen      total 13312K, used 1889K [0x000000076b400000, 0x000000076cb00000, 0x00000007c0000000)
  eden space 11264K, 0% used [0x000000076b400000,0x000000076b400000,0x000000076bf00000)
  from space 2048K, 92% used [0x000000076bf00000,0x000000076c0d8650,0x000000076c100000)
  to   space 2560K, 0% used [0x000000076c880000,0x000000076c880000,0x000000076cb00000)
 ParOldGen       total 260608K, used 3145K [0x00000006c1c00000, 0x00000006d1a80000, 0x000000076b400000)
  object space 260608K, 1% used [0x00000006c1c00000,0x00000006c1f12520,0x00000006d1a80000)
 Metaspace       used 14254K, capacity 14360K, committed 14464K, reserved 1062912K
  class space    used 1875K, capacity 1919K, committed 1920K, reserved 1048576K
}
Event: 2.373 GC heap before
{Heap before GC invocations=12 (full 0):
 PSYoungGen      total 13312K, used 13153K [0x000000076b400000, 0x000000076cb00000, 0x00000007c0000000)
  eden space 11264K, 100% used [0x000000076b400000,0x000000076bf00000,0x000000076bf00000)
  from space 2048K, 92% used [0x000000076bf00000,0x000000076c0d8650,0x000000076c100000)
  to   space 2560K, 0% used [0x000000076c880000,0x000000076c880000,0x000000076cb00000)
 ParOldGen       total 260608K, used 3145K [0x00000006c1c00000, 0x00000006d1a80000, 0x000000076b400000)
  object space 260608K, 1% used [0x00000006c1c00000,0x00000006c1f12520,0x00000006d1a80000)
 Metaspace       used 15615K, capacity 15792K, committed 16128K, reserved 1062912K
  class space    used 2099K, capacity 2179K, committed 2304K, reserved 1048576K
Event: 2.380 GC heap after
Heap after GC invocations=12 (full 0):
 PSYoungGen      total 20992K, used 2023K [0x000000076b400000, 0x000000076cb00000, 0x00000007c0000000)
  eden space 18432K, 0% used [0x000000076b400000,0x000000076b400000,0x000000076c600000)
  from space 2560K, 79% used [0x000000076c880000,0x000000076ca79ee0,0x000000076cb00000)
  to   space 2560K, 0% used [0x000000076c600000,0x000000076c600000,0x000000076c880000)
 ParOldGen       total 260608K, used 15906K [0x00000006c1c00000, 0x00000006d1a80000, 0x000000076b400000)
  object space 260608K, 6% used [0x00000006c1c00000,0x00000006c2b888c8,0x00000006d1a80000)
 Metaspace       used 15615K, capacity 15792K, committed 16128K, reserved 1062912K
  class space    used 2099K, capacity 2179K, committed 2304K, reserved 1048576K
}
Event: 2.531 GC heap before
{Heap before GC invocations=13 (full 0):
 PSYoungGen      total 20992K, used 20455K [0x000000076b400000, 0x000000076cb00000, 0x00000007c0000000)
  eden space 18432K, 100% used [0x000000076b400000,0x000000076c600000,0x000000076c600000)
  from space 2560K, 79% used [0x000000076c880000,0x000000076ca79ee0,0x000000076cb00000)
  to   space 2560K, 0% used [0x000000076c600000,0x000000076c600000,0x000000076c880000)
 ParOldGen       total 260608K, used 15906K [0x00000006c1c00000, 0x00000006d1a80000, 0x000000076b400000)
  object space 260608K, 6% used [0x00000006c1c00000,0x00000006c2b888c8,0x00000006d1a80000)
 Metaspace       used 17601K, capacity 17782K, committed 17920K, reserved 1064960K
  class space    used 2445K, capacity 2500K, committed 2560K, reserved 1048576K
Event: 2.534 GC heap after
Heap after GC invocations=13 (full 0):
 PSYoungGen      total 20992K, used 1826K [0x000000076b400000, 0x000000076d600000, 0x00000007c0000000)
  eden space 18432K, 0% used [0x000000076b400000,0x000000076b400000,0x000000076c600000)
  from space 2560K, 71% used [0x000000076c600000,0x000000076c7c88b0,0x000000076c880000)
  to   space 2560K, 0% used [0x000000076d380000,0x000000076d380000,0x000000076d600000)
 ParOldGen       total 260608K, used 19611K [0x00000006c1c00000, 0x00000006d1a80000, 0x000000076b400000)
  object space 260608K, 7% used [0x00000006c1c00000,0x00000006c2f26fd0,0x00000006d1a80000)
 Metaspace       used 17601K, capacity 17782K, committed 17920K, reserved 1064960K
  class space    used 2445K, capacity 2500K, committed 2560K, reserved 1048576K
}

